# JRE version: OpenJDK Runtime Environment (25.0.2) (build 25.0.2+-15348964-b329.117)
# Java VM: OpenJDK 64-Bit Server VM (25.0.2+-15348964-b329.117, mixed mode, tiered, compressed oops, compressed class ptrs, g1 gc, windows-amd64)
GC Precious Log:
 CardTable entry size: 512
 Card Set container configuration: InlinePtr #cards 5 size 8 Array Of Cards #cards 10 size 36 Howl #buckets 4 coarsen threshold 1843 Howl Bitmap #cards 512 size 80 coarsen threshold 460 Card regions per heap region 1 cards per card region 2048
 CPUs: 16 total, 16 available
 Memory: 5828M
 Large Page Support: Disabled
 NUMA Support: Disabled
 Compressed Oops: Enabled (32-bit)
 Heap Region Size: 1M
 Heap Min Capacity: 8M
 Heap Initial Capacity: 92M
 Heap Max Capacity: 2G
 Pre-touch: Disabled
 Parallel Workers: 13
 Concurrent Workers: 3
 Concurrent Refinement Workers: 13
 Periodic GC: Disabled
Heap:
 garbage-first heap   total reserved 2097152K, committed 117760K, used 83148K [0x0000000080000000, 0x0000000100000000)
  region size 1024K, 15 young (15360K), 3 survivors (3072K)
GC Heap Usage History (20 events):
Event: 7.319 {heap Before GC invocations=16 (full 0):
 garbage-first heap   total reserved 2097152K, committed 81920K, used 69440K [0x0000000080000000, 0x0000000100000000)
  region size 1024K, 24 young (24576K), 3 survivors (3072K)
}
Event: 7.322 {heap After GC invocations=17 (full 0):
 garbage-first heap   total reserved 2097152K, committed 98304K, used 49989K [0x0000000080000000, 0x0000000100000000)
  region size 1024K, 3 young (3072K), 3 survivors (3072K)
}
Event: 7.898 {heap Before GC invocations=17 (full 0):
 garbage-first heap   total reserved 2097152K, committed 98304K, used 88901K [0x0000000080000000, 0x0000000100000000)
  region size 1024K, 39 young (39936K), 3 survivors (3072K)
}
Event: 7.905 {heap After GC invocations=18 (full 0):
 garbage-first heap   total reserved 2097152K, committed 98304K, used 55360K [0x0000000080000000, 0x0000000100000000)
  region size 1024K, 5 young (5120K), 5 survivors (5120K)
}
Event: 8.424 {heap Before GC invocations=18 (full 0):
 garbage-first heap   total reserved 2097152K, committed 98304K, used 87104K [0x0000000080000000, 0x0000000100000000)
  region size 1024K, 36 young (36864K), 5 survivors (5120K)
}
Event: 8.428 {heap After GC invocations=19 (full 0):
 garbage-first heap   total reserved 2097152K, committed 98304K, used 58265K [0x0000000080000000, 0x0000000100000000)
  region size 1024K, 3 young (3072K), 3 survivors (3072K)
}
Event: 8.791 {heap Before GC invocations=20 (full 0):
 garbage-first heap   total reserved 2097152K, committed 99328K, used 87961K [0x0000000080000000, 0x0000000100000000)
  region size 1024K, 33 young (33792K), 3 survivors (3072K)
}
Event: 8.797 {heap After GC invocations=21 (full 0):
 garbage-first heap   total reserved 2097152K, committed 99328K, used 59596K [0x0000000080000000, 0x0000000100000000)
  region size 1024K, 4 young (4096K), 4 survivors (4096K)
}
Event: 9.118 {heap Before GC invocations=21 (full 0):
 garbage-first heap   total reserved 2097152K, committed 99328K, used 95436K [0x0000000080000000, 0x0000000100000000)
  region size 1024K, 34 young (34816K), 4 survivors (4096K)
}
Event: 9.125 {heap After GC invocations=22 (full 0):
 garbage-first heap   total reserved 2097152K, committed 105472K, used 62179K [0x0000000080000000, 0x0000000100000000)
  region size 1024K, 4 young (4096K), 4 survivors (4096K)
}
Event: 9.406 {heap Before GC invocations=22 (full 0):
 garbage-first heap   total reserved 2097152K, committed 105472K, used 94947K [0x0000000080000000, 0x0000000100000000)
  region size 1024K, 37 young (37888K), 4 survivors (4096K)
}
Event: 9.412 {heap After GC invocations=23 (full 0):
 garbage-first heap   total reserved 2097152K, committed 105472K, used 63799K [0x0000000080000000, 0x0000000100000000)
  region size 1024K, 4 young (4096K), 4 survivors (4096K)
}
Event: 9.892 {heap Before GC invocations=24 (full 0):
 garbage-first heap   total reserved 2097152K, committed 107520K, used 96567K [0x0000000080000000, 0x0000000100000000)
  region size 1024K, 37 young (37888K), 4 survivors (4096K)
}
Event: 9.896 {heap After GC invocations=25 (full 0):
 garbage-first heap   total reserved 2097152K, committed 107520K, used 65787K [0x0000000080000000, 0x0000000100000000)
  region size 1024K, 4 young (4096K), 4 survivors (4096K)
}
Event: 10.437 {heap Before GC invocations=25 (full 0):
 garbage-first heap   total reserved 2097152K, committed 107520K, used 98555K [0x0000000080000000, 0x0000000100000000)
  region size 1024K, 37 young (37888K), 4 survivors (4096K)
}
Event: 10.442 {heap After GC invocations=26 (full 0):
 garbage-first heap   total reserved 2097152K, committed 107520K, used 66479K [0x0000000080000000, 0x0000000100000000)
  region size 1024K, 4 young (4096K), 4 survivors (4096K)
}
Event: 10.811 {heap Before GC invocations=26 (full 0):
 garbage-first heap   total reserved 2097152K, committed 107520K, used 100271K [0x0000000080000000, 0x0000000100000000)
  region size 1024K, 37 young (37888K), 4 survivors (4096K)
}
Event: 10.817 {heap After GC invocations=27 (full 0):
 garbage-first heap   total reserved 2097152K, committed 108544K, used 70612K [0x0000000080000000, 0x0000000100000000)
  region size 1024K, 5 young (5120K), 5 survivors (5120K)
}
Event: 11.079 {heap Before GC invocations=28 (full 0):
 garbage-first heap   total reserved 2097152K, committed 117760K, used 100308K [0x0000000080000000, 0x0000000100000000)
  region size 1024K, 34 young (34816K), 5 survivors (5120K)
}
Event: 11.084 {heap After GC invocations=29 (full 0):
 garbage-first heap   total reserved 2097152K, committed 117760K, used 72908K [0x0000000080000000, 0x0000000100000000)
  region size 1024K, 3 young (3072K), 3 survivors (3072K)
}

